Unity Editor version:    2022.3.12f1 (4fe6e059c7ef)
Branch:                  2022.3/release
Build type:              Release
Batch mode:              YES
macOS version:           Version 14.0 (Build 23A344)
Darwin version:          23.0.0
Architecture:            x86_64
Running under Rosetta:   YES
Available memory:        16384 MB
Using pre-set license
Pro License: YES

COMMAND LINE ARGUMENTS:
/Applications/Unity/Hub/Editor/2022.3.12f1/Unity.app/Contents/MacOS/Unity
-adb2
-batchMode
-noUpm
-name
AssetImportWorker4
-projectPath
/Users/hzyhz/Documents/Learning Resources_TLM/1. MIIS TRLM 8630 - Games Localization/Module 12-14. Games Workshop/AdventureGameLocalization
-logFile
Logs/AssetImportWorker4.log
-srvPort
63587
Successfully changed project path to: /Users/hzyhz/Documents/Learning Resources_TLM/1. MIIS TRLM 8630 - Games Localization/Module 12-14. Games Workshop/AdventureGameLocalization
/Users/hzyhz/Documents/Learning Resources_TLM/1. MIIS TRLM 8630 - Games Localization/Module 12-14. Games Workshop/AdventureGameLocalization
[UnityMemory] Configuration Parameters - Can be set up in boot.config
    "memorysetup-bucket-allocator-granularity=16"
    "memorysetup-bucket-allocator-bucket-count=8"
    "memorysetup-bucket-allocator-block-size=33554432"
    "memorysetup-bucket-allocator-block-count=8"
    "memorysetup-main-allocator-block-size=16777216"
    "memorysetup-thread-allocator-block-size=16777216"
    "memorysetup-gfx-main-allocator-block-size=16777216"
    "memorysetup-gfx-thread-allocator-block-size=16777216"
    "memorysetup-cache-allocator-block-size=4194304"
    "memorysetup-typetree-allocator-block-size=2097152"
    "memorysetup-profiler-bucket-allocator-granularity=16"
    "memorysetup-profiler-bucket-allocator-bucket-count=8"
    "memorysetup-profiler-bucket-allocator-block-size=33554432"
    "memorysetup-profiler-bucket-allocator-block-count=8"
    "memorysetup-profiler-allocator-block-size=16777216"
    "memorysetup-profiler-editor-allocator-block-size=1048576"
    "memorysetup-temp-allocator-size-main=16777216"
    "memorysetup-job-temp-allocator-block-size=2097152"
    "memorysetup-job-temp-allocator-block-size-background=1048576"
    "memorysetup-job-temp-allocator-reduction-small-platforms=262144"
    "memorysetup-allocator-temp-initial-block-size-main=262144"
    "memorysetup-allocator-temp-initial-block-size-worker=262144"
    "memorysetup-temp-allocator-size-background-worker=32768"
    "memorysetup-temp-allocator-size-job-worker=262144"
    "memorysetup-temp-allocator-size-preload-manager=33554432"
    "memorysetup-temp-allocator-size-nav-mesh-worker=65536"
    "memorysetup-temp-allocator-size-audio-worker=65536"
    "memorysetup-temp-allocator-size-cloud-worker=32768"
    "memorysetup-temp-allocator-size-gi-baking-worker=262144"
    "memorysetup-temp-allocator-size-gfx=262144"
Player connection [8780460608] Host "[IP] 192.168.2.27 [Port] 0 [Flags] 2 [Guid] 934861781 [EditorId] 934861781 [Version] 1048832 [Id] OSXEditor(0,Chuhans-MacBook.local) [Debug] 1 [PackageName] OSXEditor [ProjectName] Editor" joined multi-casting on [225.0.0.222:54997]...

Player connection [8780460608] Host "[IP] 192.168.2.27 [Port] 0 [Flags] 2 [Guid] 934861781 [EditorId] 934861781 [Version] 1048832 [Id] OSXEditor(0,Chuhans-MacBook.local) [Debug] 1 [PackageName] OSXEditor [ProjectName] Editor" joined alternative multi-casting on [225.0.0.222:34997]...

[Physics::Module] Initialized MultithreadedJobDispatcher with 9 workers.
Refreshing native plugins compatible for Editor in 3.91 ms, found 2 plugins.
Preloading 0 native plugins for Editor in 0.00 ms.
Initialize engine version: 2022.3.12f1 (4fe6e059c7ef)
[Subsystems] Discovering subsystems at path /Applications/Unity/Hub/Editor/2022.3.12f1/Unity.app/Contents/Resources/UnitySubsystems
[Subsystems] Discovering subsystems at path /Users/hzyhz/Documents/Learning Resources_TLM/1. MIIS TRLM 8630 - Games Localization/Module 12-14. Games Workshop/AdventureGameLocalization/Assets
GfxDevice: creating device client; threaded=0; jobified=0
 preferred device: Apple M1 Pro (high power)
Metal devices available: 1
0: Apple M1 Pro (high power)
Using device Apple M1 Pro (high power)
Initializing Metal device caps: Apple M1 Pro
Initialize mono
Mono path[0] = '/Applications/Unity/Hub/Editor/2022.3.12f1/Unity.app/Contents/Managed'
Mono path[1] = '/Applications/Unity/Hub/Editor/2022.3.12f1/Unity.app/Contents/MonoBleedingEdge/lib/mono/unityjit-macos'
Mono config path = '/Applications/Unity/Hub/Editor/2022.3.12f1/Unity.app/Contents/MonoBleedingEdge/etc'
Using monoOptions --debugger-agent=transport=dt_socket,embedding=1,server=y,suspend=n,address=127.0.0.1:56904
Begin MonoManager ReloadAssembly
Registering precompiled unity dll's ...
Register platform support module: /Applications/Unity/Hub/Editor/2022.3.12f1/Unity.app/Contents/PlaybackEngines/MacStandaloneSupport/UnityEditor.OSXStandalone.Extensions.dll
Registered in 0.001020 seconds.
- Loaded All Assemblies, in  0.476 seconds
Native extension for OSXStandalone target not found
Mono: successfully reloaded assembly
- Finished resetting the current domain, in  0.731 seconds
Domain Reload Profiling: 1208ms
	BeginReloadAssembly (156ms)
		ExecutionOrderSort (0ms)
		DisableScriptedObjects (0ms)
		BackupInstance (0ms)
		ReleaseScriptingObjects (0ms)
		CreateAndSetChildDomain (3ms)
	RebuildCommonClasses (48ms)
	RebuildNativeTypeToScriptingClass (12ms)
	initialDomainReloadingComplete (116ms)
	LoadAllAssembliesAndSetupDomain (145ms)
		LoadAssemblies (153ms)
		RebuildTransferFunctionScriptingTraits (0ms)
		AnalyzeDomain (142ms)
			TypeCache.Refresh (139ms)
				TypeCache.ScanAssembly (127ms)
			ScanForSourceGeneratedMonoScriptInfo (0ms)
			ResolveRequiredComponents (2ms)
	FinalizeReload (732ms)
		ReleaseScriptCaches (0ms)
		RebuildScriptCaches (0ms)
		SetupLoadedEditorAssemblies (610ms)
			LogAssemblyErrors (0ms)
			InitializePlatformSupportModulesInManaged (23ms)
			SetLoadedEditorAssemblies (16ms)
			RefreshPlugins (0ms)
			BeforeProcessingInitializeOnLoad (8ms)
			ProcessInitializeOnLoadAttributes (414ms)
			ProcessInitializeOnLoadMethodAttributes (149ms)
			AfterProcessingInitializeOnLoad (0ms)
			EditorAssembliesLoaded (0ms)
		ExecutionOrderSort2 (0ms)
		AwakeInstancesAfterBackupRestoration (0ms)
========================================================================
Worker process is ready to serve import requests
Begin MonoManager ReloadAssembly
Symbol file LoadedFromMemory is not a mono symbol file
- Loaded All Assemblies, in  0.882 seconds
Refreshing native plugins compatible for Editor in 1.28 ms, found 2 plugins.
Native extension for OSXStandalone target not found
Package Manager log level set to [2]
[Package Manager] Server::EnsureServerProcessIsRunning -- launch failed, reason: Unity was launched with the -noUpm command-line argument
[Package Manager] UpmClient::Send -- Unable to send message (not connected to UPM process).
[Package Manager] Cannot connect to Unity Package Manager local server
Mono: successfully reloaded assembly
- Finished resetting the current domain, in  1.601 seconds
Domain Reload Profiling: 2486ms
	BeginReloadAssembly (242ms)
		ExecutionOrderSort (0ms)
		DisableScriptedObjects (30ms)
		BackupInstance (0ms)
		ReleaseScriptingObjects (0ms)
		CreateAndSetChildDomain (25ms)
	RebuildCommonClasses (40ms)
	RebuildNativeTypeToScriptingClass (11ms)
	initialDomainReloadingComplete (93ms)
	LoadAllAssembliesAndSetupDomain (497ms)
		LoadAssemblies (365ms)
		RebuildTransferFunctionScriptingTraits (0ms)
		AnalyzeDomain (244ms)
			TypeCache.Refresh (211ms)
				TypeCache.ScanAssembly (192ms)
			ScanForSourceGeneratedMonoScriptInfo (25ms)
			ResolveRequiredComponents (7ms)
	FinalizeReload (1603ms)
		ReleaseScriptCaches (0ms)
		RebuildScriptCaches (0ms)
		SetupLoadedEditorAssemblies (1314ms)
			LogAssemblyErrors (0ms)
			InitializePlatformSupportModulesInManaged (15ms)
			SetLoadedEditorAssemblies (6ms)
			RefreshPlugins (0ms)
			BeforeProcessingInitializeOnLoad (109ms)
			ProcessInitializeOnLoadAttributes (885ms)
			ProcessInitializeOnLoadMethodAttributes (298ms)
			AfterProcessingInitializeOnLoad (1ms)
			EditorAssembliesLoaded (0ms)
		ExecutionOrderSort2 (0ms)
		AwakeInstancesAfterBackupRestoration (10ms)
Launching external process: /Applications/Unity/Hub/Editor/2022.3.12f1/Unity.app/Contents/Tools/UnityShaderCompiler
Launched and connected shader compiler UnityShaderCompiler after 0.08 seconds
Refreshing native plugins compatible for Editor in 1.25 ms, found 2 plugins.
Preloading 0 native plugins for Editor in 0.00 ms.
Unloading 4154 Unused Serialized files (Serialized files now loaded: 0)
Unloading 39 unused Assets / (53.5 KB). Loaded Objects now: 4622.
Memory consumption went from 152.5 MB to 152.4 MB.
Total: 4.144334 ms (FindLiveObjects: 0.192791 ms CreateObjectMapping: 0.114958 ms MarkObjects: 3.487042 ms  DeleteObjects: 0.348209 ms)

AssetImportParameters requested are different than current active one (requested -> active):
  custom:container-demuxer-ogg: 62fdf1f143b41e24485cea50d1cbac27 -> 
  custom:video-decoder-ogg-theora: a1e56fd34408186e4bbccfd4996cb3dc -> 
  custom:CustomObjectIndexerAttribute: 756ad292c208cfabdd7b50bc23989ffe -> 
  custom:container-demuxer-webm: 4f35f7cbe854078d1ac9338744f61a02 -> 
  custom:container-muxer-webm: aa71ff27fc2769a1b78a27578f13a17b -> 
  custom:video-decoder-webm-vp8: 9c59270c3fd7afecdb556c50c9e8de78 -> 
  custom:SearchIndexIgnoredProperties: e643bd26f0fe6173181afceb89e7c659 -> 
  custom:AudioImporter_EditorPlatform: 3918e3fc78b5a79bad01e8451be0beb8 -> 
  custom:framework-osx-AVFoundation: e770b220cccbd017edd2c1fefb359320 -> 
  custom:video-encoder-webm-vp8: eb34c28f22e8b96e1ab97ce403110664 -> 
  custom:audio-decoder-ogg-vorbis: bf7c407c2cedff20999df2af8eb42d56 -> 
  custom:audio-encoder-webm-vorbis: bf7c407c2cedff20999df2af8eb42d56 -> 
========================================================================
Received Import Request.
  Time since last request: 26963.679343 seconds.
  path: Assets/Localization/Adventure-Asset.asset
  artifactKey: Guid(19cbd4f9b047b45dbb1ab67160db849f) Importer(815301076,1909f56bfc062723c751e8b465ee728b)
Start importing Assets/Localization/Adventure-Asset.asset using Guid(19cbd4f9b047b45dbb1ab67160db849f) Importer(815301076,1909f56bfc062723c751e8b465ee728b)  -> (artifact id: '7e191d180423760ac8079de4c9937464') in 0.026667 seconds
Number of updated asset objects reloaded before import = 2
Number of asset objects unloaded after import = 1
========================================================================
Received Import Request.
  Time since last request: 0.767289 seconds.
  path: Assets/AddressableAssetsData/AssetGroups/Localization-Asset-Tables-English (en).asset
  artifactKey: Guid(bd8eae485259142adb7260555a7f2232) Importer(2089858483,0ecaa5967403d082aa24f35e1b516d23)
Start importing Assets/AddressableAssetsData/AssetGroups/Localization-Asset-Tables-English (en).asset using Guid(bd8eae485259142adb7260555a7f2232) Importer(2089858483,0ecaa5967403d082aa24f35e1b516d23)  -> (artifact id: 'ffd5cc27af44540841c5c45db9bc2f96') in 0.317530 seconds
Number of updated asset objects reloaded before import = 0
Number of asset objects unloaded after import = 1
========================================================================
Received Import Request.
  Time since last request: 354.986661 seconds.
  path: Assets/Unity Technologies/Adventure - Sample Game/Sprites/SecurityRoomCompanyLogo_zh-Hans.png
  artifactKey: Guid(ea843c863ef38420185ba993c54178eb) Importer(2089858483,0ecaa5967403d082aa24f35e1b516d23)
Start importing Assets/Unity Technologies/Adventure - Sample Game/Sprites/SecurityRoomCompanyLogo_zh-Hans.png using Guid(ea843c863ef38420185ba993c54178eb) Importer(2089858483,0ecaa5967403d082aa24f35e1b516d23)  -> (artifact id: '8d5c7a91b08baa64afeb908a8efc8a1f') in 0.093947 seconds
Number of updated asset objects reloaded before import = 0
Number of asset objects unloaded after import = 1
========================================================================
Received Import Request.
  Time since last request: 115.411303 seconds.
  path: Assets/Unity Technologies/Adventure - Sample Game/Sprites/SecurityRoomCompanyLogo_zh-Hans.png
  artifactKey: Guid(ea843c863ef38420185ba993c54178eb) Importer(815301076,1909f56bfc062723c751e8b465ee728b)
Start importing Assets/Unity Technologies/Adventure - Sample Game/Sprites/SecurityRoomCompanyLogo_zh-Hans.png using Guid(ea843c863ef38420185ba993c54178eb) Importer(815301076,1909f56bfc062723c751e8b465ee728b)  -> (artifact id: '40e1186e872b9a1e6f111dc538bb107d') in 0.150823 seconds
Number of updated asset objects reloaded before import = 0
Number of asset objects unloaded after import = 2
========================================================================
Received Import Request.
  Time since last request: 1197.561499 seconds.
  path: Assets/Unity Technologies/Adventure - Sample Game/Sprites/SecurityRoomCompanyLogo_ja.png
  artifactKey: Guid(c96b2c1346f7b40c195a0a42c6480639) Importer(815301076,1909f56bfc062723c751e8b465ee728b)
Start importing Assets/Unity Technologies/Adventure - Sample Game/Sprites/SecurityRoomCompanyLogo_ja.png using Guid(c96b2c1346f7b40c195a0a42c6480639) Importer(815301076,1909f56bfc062723c751e8b465ee728b)  -> (artifact id: '6f915f600911000f6cccb30e1c8899b7') in 0.036779 seconds
Number of updated asset objects reloaded before import = 0
Number of asset objects unloaded after import = 2
========================================================================
Received Import Request.
  Time since last request: 0.530580 seconds.
  path: Assets/Unity Technologies/Adventure - Sample Game/Sprites/SecurityRoomCompanyLogo_ja.png
  artifactKey: Guid(c96b2c1346f7b40c195a0a42c6480639) Importer(2089858483,0ecaa5967403d082aa24f35e1b516d23)
Start importing Assets/Unity Technologies/Adventure - Sample Game/Sprites/SecurityRoomCompanyLogo_ja.png using Guid(c96b2c1346f7b40c195a0a42c6480639) Importer(2089858483,0ecaa5967403d082aa24f35e1b516d23)  -> (artifact id: '416733f4342f113fcf8b38542bdd3b00') in 0.037014 seconds
Number of updated asset objects reloaded before import = 0
Number of asset objects unloaded after import = 1
========================================================================
Received Import Request.
  Time since last request: 12.125001 seconds.
  path: Assets/Unity Technologies/Adventure - Sample Game/Sprites/SecurityRoomCompanyLogo_zh-Hans.png
  artifactKey: Guid(ea843c863ef38420185ba993c54178eb) Importer(2089858483,0ecaa5967403d082aa24f35e1b516d23)
Start importing Assets/Unity Technologies/Adventure - Sample Game/Sprites/SecurityRoomCompanyLogo_zh-Hans.png using Guid(ea843c863ef38420185ba993c54178eb) Importer(2089858483,0ecaa5967403d082aa24f35e1b516d23)  -> (artifact id: 'fa4756c5eb3788102ce29e8971cfa33d') in 0.046636 seconds
Number of updated asset objects reloaded before import = 0
Number of asset objects unloaded after import = 3
========================================================================
Received Import Request.
  Time since last request: 6.220946 seconds.
  path: Assets/Unity Technologies/Adventure - Sample Game/Textures/Environment/SecurityRoom/SecurityRoomCompanyLogoAlbedo.tif
  artifactKey: Guid(84ebeb3e2147ad8428f2e0aa3444a8b6) Importer(815301076,1909f56bfc062723c751e8b465ee728b)
Start importing Assets/Unity Technologies/Adventure - Sample Game/Textures/Environment/SecurityRoom/SecurityRoomCompanyLogoAlbedo.tif using Guid(84ebeb3e2147ad8428f2e0aa3444a8b6) Importer(815301076,1909f56bfc062723c751e8b465ee728b)  -> (artifact id: 'df0eb55d1f5a4f896767a393143239b6') in 0.006867 seconds
Number of updated asset objects reloaded before import = 0
Number of asset objects unloaded after import = 2
========================================================================
Received Import Request.
  Time since last request: 0.933751 seconds.
  path: Assets/Unity Technologies/Adventure - Sample Game/Sprites/SecurityRoomCompanyLogo_ja.png
  artifactKey: Guid(c96b2c1346f7b40c195a0a42c6480639) Importer(2089858483,0ecaa5967403d082aa24f35e1b516d23)
Start importing Assets/Unity Technologies/Adventure - Sample Game/Sprites/SecurityRoomCompanyLogo_ja.png using Guid(c96b2c1346f7b40c195a0a42c6480639) Importer(2089858483,0ecaa5967403d082aa24f35e1b516d23)  -> (artifact id: '674957fd6c910e5a8182e773bb61e264') in 0.031927 seconds
Number of updated asset objects reloaded before import = 0
Number of asset objects unloaded after import = 3
========================================================================
Received Import Request.
  Time since last request: 0.422538 seconds.
  path: Assets/Unity Technologies/Adventure - Sample Game/Sprites/SecurityRoomCompanyLogo_zh-Hans.png
  artifactKey: Guid(ea843c863ef38420185ba993c54178eb) Importer(815301076,1909f56bfc062723c751e8b465ee728b)
Start importing Assets/Unity Technologies/Adventure - Sample Game/Sprites/SecurityRoomCompanyLogo_zh-Hans.png using Guid(ea843c863ef38420185ba993c54178eb) Importer(815301076,1909f56bfc062723c751e8b465ee728b)  -> (artifact id: '475700934aab003eeca52251a91706cf') in 0.150355 seconds
Number of updated asset objects reloaded before import = 0
Number of asset objects unloaded after import = 3
========================================================================
Received Import Request.
  Time since last request: 2.891499 seconds.
  path: Assets/Unity Technologies/Adventure - Sample Game/Sprites/SecurityRoomCompanyLogo_ja.png
  artifactKey: Guid(c96b2c1346f7b40c195a0a42c6480639) Importer(815301076,1909f56bfc062723c751e8b465ee728b)
Start importing Assets/Unity Technologies/Adventure - Sample Game/Sprites/SecurityRoomCompanyLogo_ja.png using Guid(c96b2c1346f7b40c195a0a42c6480639) Importer(815301076,1909f56bfc062723c751e8b465ee728b)  -> (artifact id: '75f69c62e8321620602c4620d4130d15') in 0.018923 seconds
Number of updated asset objects reloaded before import = 0
Number of asset objects unloaded after import = 3
========================================================================
Received Import Request.
  Time since last request: 41.275121 seconds.
  path: Assets/AddressableAssetsData/AssetGroups/Localization-Assets-Japanese (ja).asset
  artifactKey: Guid(d76cf80ace17d48dc9f7aac412c3fbb8) Importer(2089858483,0ecaa5967403d082aa24f35e1b516d23)
Start importing Assets/AddressableAssetsData/AssetGroups/Localization-Assets-Japanese (ja).asset using Guid(d76cf80ace17d48dc9f7aac412c3fbb8) Importer(2089858483,0ecaa5967403d082aa24f35e1b516d23)  -> (artifact id: 'c8a4c746c1bf3833541c0ab4cb778343') in 0.009356 seconds
Number of updated asset objects reloaded before import = 1
Number of asset objects unloaded after import = 1
========================================================================
Received Import Request.
  Time since last request: 0.000121 seconds.
  path: Assets/AddressableAssetsData/AssetGroups/Schemas/Localization-Asset-Tables-Japanese (ja)_BundledAssetGroupSchema.asset
  artifactKey: Guid(0e69e87ab99c74b229416c5cf820150e) Importer(2089858483,0ecaa5967403d082aa24f35e1b516d23)
Start importing Assets/AddressableAssetsData/AssetGroups/Schemas/Localization-Asset-Tables-Japanese (ja)_BundledAssetGroupSchema.asset using Guid(0e69e87ab99c74b229416c5cf820150e) Importer(2089858483,0ecaa5967403d082aa24f35e1b516d23)  -> (artifact id: '0ced7dbf63c9cd9cfdd261d28e9df863') in 0.027526 seconds
Number of updated asset objects reloaded before import = 0
Number of asset objects unloaded after import = 1
========================================================================
Received Import Request.
  Time since last request: 0.000119 seconds.
  path: Assets/AddressableAssetsData/AssetGroups/Localization-Asset-Tables-Japanese (ja).asset
  artifactKey: Guid(91559eb6cde8c41abbeede6997dc43dc) Importer(2089858483,0ecaa5967403d082aa24f35e1b516d23)
Start importing Assets/AddressableAssetsData/AssetGroups/Localization-Asset-Tables-Japanese (ja).asset using Guid(91559eb6cde8c41abbeede6997dc43dc) Importer(2089858483,0ecaa5967403d082aa24f35e1b516d23)  -> (artifact id: '7e1bd8978f81bd9ef0c7463e79b060d5') in 0.004287 seconds
Number of updated asset objects reloaded before import = 0
Number of asset objects unloaded after import = 1
========================================================================
Received Import Request.
  Time since last request: 21.863984 seconds.
  path: Assets/AddressableAssetsData/AssetGroups/Localization-Assets-Chinese (Simplified) (zh-Hans).asset
  artifactKey: Guid(0674bb91215374771834b11a7c1f8937) Importer(2089858483,0ecaa5967403d082aa24f35e1b516d23)
Start importing Assets/AddressableAssetsData/AssetGroups/Localization-Assets-Chinese (Simplified) (zh-Hans).asset using Guid(0674bb91215374771834b11a7c1f8937) Importer(2089858483,0ecaa5967403d082aa24f35e1b516d23)  -> (artifact id: 'a32084130b9f8e3ef621101a20d90cd7') in 0.005168 seconds
Number of updated asset objects reloaded before import = 1
Number of asset objects unloaded after import = 1
========================================================================
Received Import Request.
  Time since last request: 0.000117 seconds.
  path: Assets/AddressableAssetsData/AssetGroups/Schemas/Localization-Assets-Chinese (Simplified) (zh-Hans)_ContentUpdateGroupSchema.asset
  artifactKey: Guid(c904a30c0809246f6b39fd2c83ae99f7) Importer(2089858483,0ecaa5967403d082aa24f35e1b516d23)
Start importing Assets/AddressableAssetsData/AssetGroups/Schemas/Localization-Assets-Chinese (Simplified) (zh-Hans)_ContentUpdateGroupSchema.asset using Guid(c904a30c0809246f6b39fd2c83ae99f7) Importer(2089858483,0ecaa5967403d082aa24f35e1b516d23)  -> (artifact id: '5460adbe2d8b4c3afabddf5e5a7994a5') in 0.003655 seconds
Number of updated asset objects reloaded before import = 0
Number of asset objects unloaded after import = 1
========================================================================
Received Import Request.
  Time since last request: 0.000136 seconds.
  path: Assets/AddressableAssetsData/AssetGroups/Schemas/Localization-Assets-Japanese (ja)_BundledAssetGroupSchema.asset
  artifactKey: Guid(39e2475e8c7f547e584f743f52ec7987) Importer(2089858483,0ecaa5967403d082aa24f35e1b516d23)
Start importing Assets/AddressableAssetsData/AssetGroups/Schemas/Localization-Assets-Japanese (ja)_BundledAssetGroupSchema.asset using Guid(39e2475e8c7f547e584f743f52ec7987) Importer(2089858483,0ecaa5967403d082aa24f35e1b516d23)  -> (artifact id: 'bdd1fa13a68714b2121f4e971b397505') in 0.006578 seconds
Number of updated asset objects reloaded before import = 0
Number of asset objects unloaded after import = 1
========================================================================
Received Import Request.
  Time since last request: 0.000131 seconds.
  path: Assets/Localization/Adventure-Asset Shared Data.asset
  artifactKey: Guid(c36ded4b382c04c1ea42ec36416c3742) Importer(2089858483,0ecaa5967403d082aa24f35e1b516d23)
Start importing Assets/Localization/Adventure-Asset Shared Data.asset using Guid(c36ded4b382c04c1ea42ec36416c3742) Importer(2089858483,0ecaa5967403d082aa24f35e1b516d23)  -> (artifact id: 'ebbc515907fb37da029b2b45219d5538') in 0.079411 seconds
Number of updated asset objects reloaded before import = 0
Number of asset objects unloaded after import = 1
========================================================================
Received Import Request.
  Time since last request: 5.952863 seconds.
  path: Assets/AddressableAssetsData/AssetGroups/Localization-Assets-English (en).asset
  artifactKey: Guid(bdbf6fcc55fa64e64b268ca322814589) Importer(2089858483,0ecaa5967403d082aa24f35e1b516d23)
Start importing Assets/AddressableAssetsData/AssetGroups/Localization-Assets-English (en).asset using Guid(bdbf6fcc55fa64e64b268ca322814589) Importer(2089858483,0ecaa5967403d082aa24f35e1b516d23)  -> (artifact id: '02a796afa44d21ece6859c5712b02df2') in 0.006229 seconds
Number of updated asset objects reloaded before import = 1
Number of asset objects unloaded after import = 1
========================================================================
Received Import Request.
  Time since last request: 0.000117 seconds.
  path: Assets/Localization/Adventure-Asset Shared Data.asset
  artifactKey: Guid(c36ded4b382c04c1ea42ec36416c3742) Importer(2089858483,0ecaa5967403d082aa24f35e1b516d23)
Start importing Assets/Localization/Adventure-Asset Shared Data.asset using Guid(c36ded4b382c04c1ea42ec36416c3742) Importer(2089858483,0ecaa5967403d082aa24f35e1b516d23)  -> (artifact id: 'a9af70b12f92f35ab25add22d645317b') in 0.006012 seconds
Number of updated asset objects reloaded before import = 0
Number of asset objects unloaded after import = 1
========================================================================
Received Import Request.
  Time since last request: 0.000099 seconds.
  path: Assets/AddressableAssetsData/AssetGroups/Schemas/Localization-Assets-Chinese (Simplified) (zh-Hans)_BundledAssetGroupSchema.asset
  artifactKey: Guid(534c671c90d0946748bc97d16d5aba57) Importer(2089858483,0ecaa5967403d082aa24f35e1b516d23)
Start importing Assets/AddressableAssetsData/AssetGroups/Schemas/Localization-Assets-Chinese (Simplified) (zh-Hans)_BundledAssetGroupSchema.asset using Guid(534c671c90d0946748bc97d16d5aba57) Importer(2089858483,0ecaa5967403d082aa24f35e1b516d23)  -> (artifact id: '530a12546a8c6246eebe4fa219033297') in 0.006583 seconds
Number of updated asset objects reloaded before import = 0
Number of asset objects unloaded after import = 1
Editor requested this worker to shutdown with reason: Scaling down because of idle timeout
TcpMessagingSession - receive error: operation aborted. errorcode: 89, details: Operation aborted.
AssetImportWorker is now disconnected from the server
Process exiting
